INFO:  latexindent.pl version 3.24.4, 2024-07-18, a script to indent .tex files
       latexindent.pl lives here: C:/Users/tuber/AppData/Local/Programs/MiKTeX/scripts/latexindent/
       Thu Sep 19 23:07:05 2024
       Filename: c:/Users/tuber/Documents/235/int-numerus/Sections/Basics/__latexindent_temp_ideals.tex
INFO:  Processing switches:
       -y|--yaml: YAML settings specified via command line
       -c|--cruft: cruft directory
INFO:  Directory for backup files and log file c:\Users\tuber\Documents\235\int-numerus\indent.log:
       c:\Users\tuber\Documents\235\int-numerus\
INFO:  Perl modules are being loaded from the following directories:
       C:/Program Files (x86)/Strawberry/perl/lib/FindBin.pm
       C:/Program Files (x86)/Strawberry/perl/vendor/lib/YAML/Tiny.pm
       C:/Program Files (x86)/Strawberry/perl/lib/File/Copy.pm
       C:/Program Files (x86)/Strawberry/perl/lib/File/Basename.pm
       C:/Program Files (x86)/Strawberry/perl/lib/Getopt/Long.pm
       C:/Program Files (x86)/Strawberry/perl/vendor/lib/File/HomeDir.pm
INFO:  LatexIndent perl modules are being loaded from, for example:
       C:/Users/tuber/AppData/Local/Programs/MiKTeX/scripts/latexindent/LatexIndent/Document.pm
INFO:  YAML settings read: defaultSettings.yaml
       Reading defaultSettings.yaml from C:/Users/tuber/AppData/Local/Programs/MiKTeX/scripts/latexindent/defaultSettings.yaml
INFO:  YAML reading settings
       Home directory is C:\Users\tuber
       latexindent.pl didn't find indentconfig.yaml or .indentconfig.yaml
       see all possible locations: https://latexindentpl.readthedocs.io/en/latest/sec-appendices.html#indentconfig-options)
INFO:  YAML settings read: -y switch
       YAML setting: defaultIndent:'    '
       single-quoted string found in -y switch: '    ', substitute to     
       Updating mainSettings with defaultIndent:     
INFO:  Phase 1: searching for objects
INFO:  Phase 2: finding surrounding indentation
INFO:  Phase 3: indenting objects
INFO:  Phase 4: final indentation check
INFO:  Output routine:
       Not outputting to file; see -w and -o switches for more options.
       --------------
INFO:  Please direct all communication/issues to:
        https://github.com/cmhughes/latexindent.pl
