\BOOKMARK [0][-]{section*.1}{\376\377\000C\000o\000n\000t\000e\000n\000t\000s}{}% 1
\BOOKMARK [0][-]{chapter.1}{\376\377\000C\000o\000m\000p\000l\000e\000x\000i\000t\000y\000\040\000T\000h\000e\000o\000r\000y}{}% 2
\BOOKMARK [1][-]{section.1.1}{\376\377\000A\000s\000y\000m\000p\000t\000o\000t\000i\000c\000\040\000N\000o\000t\000a\000t\000i\000o\000n}{chapter.1}% 3
\BOOKMARK [1][-]{section.1.2}{\376\377\000E\000v\000a\000l\000u\000a\000t\000i\000n\000g\000\040\000A\000l\000g\000o\000r\000i\000t\000h\000m\000s}{chapter.1}% 4
\BOOKMARK [0][-]{chapter.2}{\376\377\000P\000r\000o\000v\000i\000n\000g\000\040\000A\000l\000g\000o\000r\000i\000t\000h\000m\000s}{}% 5
\BOOKMARK [1][-]{section.2.1}{\376\377\000S\000t\000a\000b\000l\000e\000\040\000M\000a\000t\000c\000h\000i\000n\000g\000s}{chapter.2}% 6
\BOOKMARK [1][-]{section.2.2}{\376\377\000G\000a\000l\000e\000-\000S\000h\000a\000p\000l\000e\000y\000\040\000A\000l\000g\000o\000r\000i\000t\000h\000m}{chapter.2}% 7
\BOOKMARK [0][-]{chapter.3}{\376\377\000G\000r\000a\000p\000h\000s\000\040\000a\000n\000d\000\040\000T\000r\000e\000e\000s}{}% 8
\BOOKMARK [1][-]{section.3.1}{\376\377\000P\000a\000t\000h\000s\000\040\000a\000n\000d\000\040\000C\000o\000n\000n\000e\000c\000t\000i\000v\000i\000t\000y}{chapter.3}% 9
\BOOKMARK [1][-]{section.3.2}{\376\377\000B\000r\000e\000a\000t\000h\000-\000F\000i\000r\000s\000t\000\040\000a\000n\000d\000\040\000D\000e\000p\000t\000h\000-\000F\000i\000r\000s\000t\000\040\000S\000e\000a\000r\000c\000h}{chapter.3}% 10
\BOOKMARK [1][-]{section.3.3}{\376\377\000D\000i\000r\000e\000c\000t\000e\000d\000-\000A\000c\000y\000c\000l\000i\000c\000\040\000G\000r\000a\000p\000h\000s\000\040\000\046\000\040\000T\000o\000p\000o\000l\000o\000g\000i\000c\000a\000l\000\040\000O\000r\000d\000e\000r\000i\000n\000g}{chapter.3}% 11
\BOOKMARK [0][-]{chapter.4}{\376\377\000S\000c\000h\000e\000d\000u\000l\000i\000n\000g}{}% 12
\BOOKMARK [1][-]{section.4.1}{\376\377\000I\000n\000t\000e\000r\000v\000a\000l\000\040\000S\000c\000h\000e\000d\000u\000l\000i\000n\000g}{chapter.4}% 13
\BOOKMARK [1][-]{section.4.2}{\376\377\000I\000n\000t\000e\000r\000v\000a\000l\000\040\000P\000a\000r\000t\000i\000t\000i\000o\000n\000i\000n\000g}{chapter.4}% 14
\BOOKMARK [1][-]{section.4.3}{\376\377\000P\000r\000i\000o\000r\000i\000t\000y\000\040\000Q\000u\000e\000u\000e\000s}{chapter.4}% 15
\BOOKMARK [1][-]{section.4.4}{\376\377\000M\000i\000n\000i\000m\000i\000z\000i\000n\000g\000\040\000L\000a\000t\000e\000n\000e\000s\000s}{chapter.4}% 16
\BOOKMARK [0][-]{chapter.5}{\376\377\000G\000r\000e\000e\000d\000y\000\040\000A\000l\000g\000o\000r\000i\000t\000h\000m\000s}{}% 17
\BOOKMARK [1][-]{section.5.1}{\376\377\000S\000h\000o\000r\000t\000e\000s\000t\000\040\000P\000a\000t\000h}{chapter.5}% 18
\BOOKMARK [1][-]{section.5.2}{\376\377\000S\000p\000a\000n\000n\000i\000n\000g\000\040\000t\000r\000e\000e\000s}{chapter.5}% 19
\BOOKMARK [2][-]{section*.44}{\376\377\000U\000n\000i\000o\000n\000-\000F\000i\000n\000d\000\040\000D\000a\000t\000a\000\040\000S\000t\000r\000u\000c\000t\000u\000r\000e\000s}{section.5.2}% 20
\BOOKMARK [0][-]{chapter.6}{\376\377\000E\000v\000a\000l\000u\000a\000t\000i\000n\000g\000\040\000R\000e\000c\000u\000r\000s\000i\000v\000e\000\040\000A\000l\000g\000o\000r\000i\000t\000h\000m\000s}{}% 21
\BOOKMARK [1][-]{section.6.1}{\376\377\000I\000n\000d\000u\000c\000t\000i\000v\000e\000\040\000A\000n\000a\000l\000y\000s\000i\000s}{chapter.6}% 22
\BOOKMARK [0][-]{chapter.7}{\376\377\000C\000o\000m\000p\000u\000t\000a\000t\000i\000o\000n\000a\000l\000\040\000A\000l\000g\000o\000r\000i\000t\000h\000m\000s}{}% 23
\BOOKMARK [1][-]{section.7.1}{\376\377\000C\000o\000m\000p\000u\000t\000e\000r\000s\000\040\000\046\000\040\000N\000u\000m\000b\000e\000r\000\040\000B\000a\000s\000e\000\040\000S\000y\000s\000t\000e\000m\000s}{chapter.7}% 24
\BOOKMARK [1][-]{section.7.2}{\376\377\000C\000o\000m\000p\000u\000t\000i\000n\000g\000\040\000L\000a\000r\000g\000e\000\040\000N\000u\000m\000b\000e\000r\000s}{chapter.7}% 25
\BOOKMARK [1][-]{section.7.3}{\376\377\000C\000o\000m\000p\000u\000t\000a\000t\000i\000o\000n\000a\000l\000\040\000E\000f\000f\000i\000c\000i\000e\000n\000c\000y}{chapter.7}% 26
\BOOKMARK [0][-]{chapter.8}{\376\377\000D\000y\000n\000a\000m\000i\000c\000\040\000P\000r\000o\000g\000r\000a\000m\000m\000i\000n\000g}{}% 27
\BOOKMARK [1][-]{section.8.1}{\376\377\000F\000o\000r\000m\000u\000l\000a\000t\000i\000n\000g\000\040\000R\000e\000c\000u\000r\000s\000i\000v\000e\000\040\000C\000a\000s\000e\000s}{chapter.8}% 28
\BOOKMARK [1][-]{section.8.2}{\376\377\000B\000o\000t\000t\000o\000m\000-\000U\000p\000\040\000D\000y\000n\000a\000m\000i\000c\000\040\000P\000r\000o\000g\000r\000a\000m\000m\000i\000n\000g}{chapter.8}% 29
\BOOKMARK [1][-]{section.8.3}{\376\377\000B\000a\000c\000k\000t\000r\000a\000c\000k\000i\000n\000g}{chapter.8}% 30
\BOOKMARK [1][-]{section.8.4}{\376\377\000S\000u\000b\000s\000e\000t\000\040\000S\000u\000m\000\040\000\050\000W\000e\000i\000g\000h\000t\000e\000d\000\040\000C\000e\000i\000l\000i\000n\000g\000\051}{chapter.8}% 31
